android_companion_app/build/intermediates/manifest_merge_blame_file/debug/manifest-merger-blame-debug-report.txt
1<?xml version="1.0" encoding="utf-8"?>
2<manifest xmlns:android="http://schemas.android.com/apk/res/android"
3    package="com.omniflow.simrecorder"
4    android:versionCode="1"
5    android:versionName="1.0.0" >
6
7    <uses-sdk
8        android:minSdkVersion="24"
9        android:targetSdkVersion="34" />
10
11    <uses-permission android:name="android.permission.READ_PHONE_STATE" />
11-->src\main\AndroidManifest.xml:5:5-75
11-->src\main\AndroidManifest.xml:5:22-72
12    <uses-permission android:name="android.permission.CALL_PHONE" />
12-->src\main\AndroidManifest.xml:6:5-69
12-->src\main\AndroidManifest.xml:6:22-66
13    <uses-permission android:name="android.permission.RECORD_AUDIO" />
13-->src\main\AndroidManifest.xml:7:5-71
13-->src\main\AndroidManifest.xml:7:22-68
14    <uses-permission android:name="android.permission.READ_CALL_LOG" />
14-->src\main\AndroidManifest.xml:8:5-72
14-->src\main\AndroidManifest.xml:8:22-69
15    <uses-permission android:name="android.permission.READ_CONTACTS" />
15-->src\main\AndroidManifest.xml:9:5-72
15-->src\main\AndroidManifest.xml:9:22-69
16    <uses-permission android:name="android.permission.PROCESS_OUTGOING_CALLS" />
16-->src\main\AndroidManifest.xml:10:5-81
16-->src\main\AndroidManifest.xml:10:22-78
17    <uses-permission android:name="android.permission.INTERNET" />
17-->src\main\AndroidManifest.xml:11:5-67
17-->src\main\AndroidManifest.xml:11:22-64
18    <uses-permission android:name="android.permission.ACCESS_NETWORK_STATE" />
18-->src\main\AndroidManifest.xml:12:5-79
18-->src\main\AndroidManifest.xml:12:22-76
19    <uses-permission android:name="android.permission.FOREGROUND_SERVICE" />
19-->src\main\AndroidManifest.xml:13:5-77
19-->src\main\AndroidManifest.xml:13:22-74
20    <uses-permission android:name="android.permission.FOREGROUND_SERVICE_MICROPHONE" />
20-->src\main\AndroidManifest.xml:14:5-88
20-->src\main\AndroidManifest.xml:14:22-85
21    <uses-permission android:name="android.permission.FOREGROUND_SERVICE_DATA_SYNC" />
21-->src\main\AndroidManifest.xml:15:5-87
21-->src\main\AndroidManifest.xml:15:22-84
22    <uses-permission android:name="android.permission.POST_NOTIFICATIONS" />
22-->src\main\AndroidManifest.xml:16:5-77
22-->src\main\AndroidManifest.xml:16:22-74
23    <uses-permission android:name="android.permission.SYSTEM_ALERT_WINDOW" />
23-->src\main\AndroidManifest.xml:17:5-78
23-->src\main\AndroidManifest.xml:17:22-75
24    <uses-permission android:name="android.permission.RECEIVE_BOOT_COMPLETED" />
24-->src\main\AndroidManifest.xml:18:5-81
24-->src\main\AndroidManifest.xml:18:22-78
25    <uses-permission android:name="android.permission.READ_EXTERNAL_STORAGE" />
25-->src\main\AndroidManifest.xml:19:5-80
25-->src\main\AndroidManifest.xml:19:22-77
26    <uses-permission
26-->src\main\AndroidManifest.xml:20:5-108
27        android:name="android.permission.WRITE_EXTERNAL_STORAGE"
27-->src\main\AndroidManifest.xml:20:22-78
28        android:maxSdkVersion="29" />
28-->src\main\AndroidManifest.xml:20:79-105
29    <uses-permission android:name="android.permission.MANAGE_EXTERNAL_STORAGE" />
29-->src\main\AndroidManifest.xml:21:5-82
29-->src\main\AndroidManifest.xml:21:22-79
30    <uses-permission android:name="android.permission.READ_MEDIA_AUDIO" />
30-->src\main\AndroidManifest.xml:22:5-75
30-->src\main\AndroidManifest.xml:22:22-72
31    <uses-permission android:name="android.permission.CAMERA" />
31-->src\main\AndroidManifest.xml:23:5-65
31-->src\main\AndroidManifest.xml:23:22-62
32
33    <uses-feature
33-->src\main\AndroidManifest.xml:24:5-85
34        android:name="android.hardware.camera"
34-->src\main\AndroidManifest.xml:24:19-57
35        android:required="false" />
35-->src\main\AndroidManifest.xml:24:58-82
36
37    <uses-permission android:name="android.permission.REQUEST_IGNORE_BATTERY_OPTIMIZATIONS" />
37-->src\main\AndroidManifest.xml:25:5-95
37-->src\main\AndroidManifest.xml:25:22-92
38
39    <uses-feature
39-->[com.journeyapps:zxing-android-embedded:4.3.0] AndroidManifest.xml:28:5-30:36
40        android:name="android.hardware.camera.front"
40-->[com.journeyapps:zxing-android-embedded:4.3.0] AndroidManifest.xml:29:9-53
41        android:required="false" /> <!-- TODO replace above two with next line after Android 4.2 -->
41-->[com.journeyapps:zxing-android-embedded:4.3.0] AndroidManifest.xml:30:9-33
42    <!-- <uses-feature android:name="android.hardware.camera.any"/> -->
43    <uses-feature
43-->[com.journeyapps:zxing-android-embedded:4.3.0] AndroidManifest.xml:33:5-35:36
44        android:name="android.hardware.camera.autofocus"
44-->[com.journeyapps:zxing-android-embedded:4.3.0] AndroidManifest.xml:34:9-57
45        android:required="false" />
45-->[com.journeyapps:zxing-android-embedded:4.3.0] AndroidManifest.xml:35:9-33
46    <uses-feature
46-->[com.journeyapps:zxing-android-embedded:4.3.0] AndroidManifest.xml:36:5-38:36
47        android:name="android.hardware.camera.flash"
47-->[com.journeyapps:zxing-android-embedded:4.3.0] AndroidManifest.xml:37:9-53
48        android:required="false" />
48-->[com.journeyapps:zxing-android-embedded:4.3.0] AndroidManifest.xml:38:9-33
49    <uses-feature
49-->[com.journeyapps:zxing-android-embedded:4.3.0] AndroidManifest.xml:39:5-41:36
50        android:name="android.hardware.screen.landscape"
50-->[com.journeyapps:zxing-android-embedded:4.3.0] AndroidManifest.xml:40:9-57
51        android:required="false" />
51-->[com.journeyapps:zxing-android-embedded:4.3.0] AndroidManifest.xml:41:9-33
52    <uses-feature
52-->[com.journeyapps:zxing-android-embedded:4.3.0] AndroidManifest.xml:42:5-44:36
53        android:name="android.hardware.wifi"
53-->[com.journeyapps:zxing-android-embedded:4.3.0] AndroidManifest.xml:43:9-45
54        android:required="false" />
54-->[com.journeyapps:zxing-android-embedded:4.3.0] AndroidManifest.xml:44:9-33
55
56    <permission
56-->[androidx.core:core:1.9.0] AndroidManifest.xml:22:5-24:47
57        android:name="com.omniflow.simrecorder.DYNAMIC_RECEIVER_NOT_EXPORTED_PERMISSION"
57-->[androidx.core:core:1.9.0] AndroidManifest.xml:23:9-81
58        android:protectionLevel="signature" />
58-->[androidx.core:core:1.9.0] AndroidManifest.xml:24:9-44
59
60    <uses-permission android:name="com.omniflow.simrecorder.DYNAMIC_RECEIVER_NOT_EXPORTED_PERMISSION" />
60-->[androidx.core:core:1.9.0] AndroidManifest.xml:26:5-97
60-->[androidx.core:core:1.9.0] AndroidManifest.xml:26:22-94
61
62    <application
62-->src\main\AndroidManifest.xml:28:5-89:19
63        android:allowBackup="true"
63-->src\main\AndroidManifest.xml:29:9-35
64        android:appComponentFactory="androidx.core.app.CoreComponentFactory"
64-->[androidx.core:core:1.9.0] AndroidManifest.xml:28:18-86
65        android:debuggable="true"
66        android:extractNativeLibs="false"
67        android:icon="@mipmap/ic_launcher"
67-->src\main\AndroidManifest.xml:30:9-43
68        android:label="OmniFlow Telecalling"
68-->src\main\AndroidManifest.xml:31:9-45
69        android:theme="@style/Theme.AppCompat.Light.NoActionBar"
69-->src\main\AndroidManifest.xml:33:9-65
70        android:usesCleartextTraffic="true" >
70-->src\main\AndroidManifest.xml:32:9-44
71        <activity
71-->src\main\AndroidManifest.xml:35:9-43:20
72            android:name="com.omniflow.simrecorder.PermissionsActivity"
72-->src\main\AndroidManifest.xml:36:13-48
73            android:configChanges="orientation|keyboardHidden|screenSize"
73-->src\main\AndroidManifest.xml:38:13-74
74            android:exported="true" >
74-->src\main\AndroidManifest.xml:37:13-36
75            <intent-filter>
75-->src\main\AndroidManifest.xml:39:13-42:29
76                <action android:name="android.intent.action.MAIN" />
76-->src\main\AndroidManifest.xml:40:17-69
76-->src\main\AndroidManifest.xml:40:25-66
77
78                <category android:name="android.intent.category.LAUNCHER" />
78-->src\main\AndroidManifest.xml:41:17-77
78-->src\main\AndroidManifest.xml:41:27-74
79            </intent-filter>
80        </activity>
81        <activity
81-->src\main\AndroidManifest.xml:45:9-48:77
82            android:name="com.omniflow.simrecorder.MainActivity"
82-->src\main\AndroidManifest.xml:46:13-41
83            android:configChanges="orientation|keyboardHidden|screenSize"
83-->src\main\AndroidManifest.xml:48:13-74
84            android:exported="false" />
84-->src\main\AndroidManifest.xml:47:13-37
85        <activity
85-->src\main\AndroidManifest.xml:50:9-56:77
86            android:name="com.omniflow.simrecorder.PostCallDispositionActivity"
86-->src\main\AndroidManifest.xml:51:13-56
87            android:configChanges="orientation|keyboardHidden|screenSize"
87-->src\main\AndroidManifest.xml:56:13-74
88            android:excludeFromRecents="true"
88-->src\main\AndroidManifest.xml:53:13-46
89            android:exported="false"
89-->src\main\AndroidManifest.xml:52:13-37
90            android:noHistory="true"
90-->src\main\AndroidManifest.xml:54:13-37
91            android:theme="@style/Theme.AppCompat.Dialog" />
91-->src\main\AndroidManifest.xml:55:13-58
92
93        <receiver
93-->src\main\AndroidManifest.xml:58:9-66:20
94            android:name="com.omniflow.simrecorder.CallStateReceiver"
94-->src\main\AndroidManifest.xml:59:13-46
95            android:enabled="true"
95-->src\main\AndroidManifest.xml:60:13-35
96            android:exported="true" >
96-->src\main\AndroidManifest.xml:61:13-36
97            <intent-filter>
97-->src\main\AndroidManifest.xml:62:13-65:29
98                <action android:name="android.intent.action.PHONE_STATE" />
98-->src\main\AndroidManifest.xml:63:17-76
98-->src\main\AndroidManifest.xml:63:25-73
99                <action android:name="android.intent.action.NEW_OUTGOING_CALL" />
99-->src\main\AndroidManifest.xml:64:17-82
99-->src\main\AndroidManifest.xml:64:25-79
100            </intent-filter>
101        </receiver>
102
103        <!-- Boot Receiver — restart service after phone reboot -->
104        <receiver
104-->src\main\AndroidManifest.xml:69:9-75:20
105            android:name="com.omniflow.simrecorder.BootReceiver"
105-->src\main\AndroidManifest.xml:70:13-41
106            android:exported="false" >
106-->src\main\AndroidManifest.xml:71:13-37
107            <intent-filter>
107-->src\main\AndroidManifest.xml:72:13-74:29
108                <action android:name="android.intent.action.BOOT_COMPLETED" />
108-->src\main\AndroidManifest.xml:73:17-79
108-->src\main\AndroidManifest.xml:73:25-76
109            </intent-filter>
110        </receiver>
111
112        <!-- Foreground Recording Service -->
113        <service
113-->src\main\AndroidManifest.xml:78:9-81:58
114            android:name="com.omniflow.simrecorder.CallRecordingService"
114-->src\main\AndroidManifest.xml:79:13-49
115            android:exported="false"
115-->src\main\AndroidManifest.xml:80:13-37
116            android:foregroundServiceType="microphone" />
116-->src\main\AndroidManifest.xml:81:13-55
117
118        <!-- Foreground SIM Bridge Service -->
119        <service
119-->src\main\AndroidManifest.xml:84:9-87:56
120            android:name="com.omniflow.simrecorder.SimBridgeService"
120-->src\main\AndroidManifest.xml:85:13-45
121            android:exported="false"
121-->src\main\AndroidManifest.xml:86:13-37
122            android:foregroundServiceType="dataSync" />
122-->src\main\AndroidManifest.xml:87:13-53
123
124        <activity
124-->[com.journeyapps:zxing-android-embedded:4.3.0] AndroidManifest.xml:47:9-53:63
125            android:name="com.journeyapps.barcodescanner.CaptureActivity"
125-->[com.journeyapps:zxing-android-embedded:4.3.0] AndroidManifest.xml:48:13-74
126            android:clearTaskOnLaunch="true"
126-->[com.journeyapps:zxing-android-embedded:4.3.0] AndroidManifest.xml:49:13-45
127            android:screenOrientation="sensorLandscape"
127-->[com.journeyapps:zxing-android-embedded:4.3.0] AndroidManifest.xml:50:13-56
128            android:stateNotNeeded="true"
128-->[com.journeyapps:zxing-android-embedded:4.3.0] AndroidManifest.xml:51:13-42
129            android:theme="@style/zxing_CaptureTheme"
129-->[com.journeyapps:zxing-android-embedded:4.3.0] AndroidManifest.xml:52:13-54
130            android:windowSoftInputMode="stateAlwaysHidden" />
130-->[com.journeyapps:zxing-android-embedded:4.3.0] AndroidManifest.xml:53:13-60
131
132        <provider
132-->[androidx.emoji2:emoji2:1.2.0] AndroidManifest.xml:24:9-32:20
133            android:name="androidx.startup.InitializationProvider"
133-->[androidx.emoji2:emoji2:1.2.0] AndroidManifest.xml:25:13-67
134            android:authorities="com.omniflow.simrecorder.androidx-startup"
134-->[androidx.emoji2:emoji2:1.2.0] AndroidManifest.xml:26:13-68
135            android:exported="false" >
135-->[androidx.emoji2:emoji2:1.2.0] AndroidManifest.xml:27:13-37
136            <meta-data
136-->[androidx.emoji2:emoji2:1.2.0] AndroidManifest.xml:29:13-31:52
137                android:name="androidx.emoji2.text.EmojiCompatInitializer"
137-->[androidx.emoji2:emoji2:1.2.0] AndroidManifest.xml:30:17-75
138                android:value="androidx.startup" />
138-->[androidx.emoji2:emoji2:1.2.0] AndroidManifest.xml:31:17-49
139            <meta-data
139-->[androidx.lifecycle:lifecycle-process:2.4.1] AndroidManifest.xml:31:13-33:52
140                android:name="androidx.lifecycle.ProcessLifecycleInitializer"
140-->[androidx.lifecycle:lifecycle-process:2.4.1] AndroidManifest.xml:32:17-78
141                android:value="androidx.startup" />
141-->[androidx.lifecycle:lifecycle-process:2.4.1] AndroidManifest.xml:33:17-49
142        </provider>
143    </application>
144
145</manifest>